<?xml version="1.0" encoding="UTF-8" ?>
<testsuite failures="0" time="0.016" errors="0" skipped="0" tests="1" name="com.p4.springweb.AppTest">
  <properties>
    <property name="java.runtime.name" value="Java(TM) SE Runtime Environment"/>
    <property name="sun.boot.library.path" value="C:\Program Files\Java\jdk1.7.0\jre\bin"/>
    <property name="java.vm.version" value="21.0-b17"/>
    <property name="java.vm.vendor" value="Oracle Corporation"/>
    <property name="java.vendor.url" value="http://java.oracle.com/"/>
    <property name="path.separator" value=";"/>
    <property name="java.vm.name" value="Java HotSpot(TM) Client VM"/>
    <property name="file.encoding.pkg" value="sun.io"/>
    <property name="user.script" value=""/>
    <property name="user.country" value="US"/>
    <property name="sun.java.launcher" value="SUN_STANDARD"/>
    <property name="sun.os.patch.level" value=""/>
    <property name="java.vm.specification.name" value="Java Virtual Machine Specification"/>
    <property name="user.dir" value="C:\Users\Muhammad Sidratul M\Documents\UP\muhammad sidratul muntaha\smester 6\pemogramman 4\praktikum\sesi 4\jawaban praktikum 4\spring-web"/>
    <property name="java.runtime.version" value="1.7.0-b147"/>
    <property name="netbeans.deploy" value="true"/>
    <property name="java.awt.graphicsenv" value="sun.awt.Win32GraphicsEnvironment"/>
    <property name="basedir" value="C:\Users\Muhammad Sidratul M\Documents\UP\muhammad sidratul muntaha\smester 6\pemogramman 4\praktikum\sesi 4\jawaban praktikum 4\spring-web"/>
    <property name="java.endorsed.dirs" value="C:\Program Files\Java\jdk1.7.0\jre\lib\endorsed"/>
    <property name="os.arch" value="x86"/>
    <property name="surefire.real.class.path" value="C:\Users\Muhammad Sidratul M\Documents\UP\muhammad sidratul muntaha\smester 6\pemogramman 4\praktikum\sesi 4\jawaban praktikum 4\spring-web\target\surefire\surefirebooter2459737883572245709.jar"/>
    <property name="java.io.tmpdir" value="C:\Users\MUHAMM~1\AppData\Local\Temp\"/>
    <property name="line.separator" value="
"/>
    <property name="java.vm.specification.vendor" value="Oracle Corporation"/>
    <property name="user.variant" value=""/>
    <property name="os.name" value="Windows 7"/>
    <property name="sun.jnu.encoding" value="Cp1252"/>
    <property name="java.library.path" value="C:\Program Files\Java\jdk1.7.0\jre\bin;C:\Windows\Sun\Java\bin;C:\Windows\system32;C:\Windows;C:\Program Files\Common Files\Microsoft Shared\Windows Live;C:\Windows\system32;C:\Windows;C:\Windows\System32\Wbem;C:\Windows\System32\WindowsPowerShell\v1.0\;C:\Program Files\WIDCOMM\Bluetooth Software\;C:\Program Files\TortoiseGit\bin;C:\Program Files\Java\jdk1.7.0\bin;C:\Program Files\Microsoft SQL Server\90\Tools\binn\;C:\Program Files\apache-maven-3.0.5\bin;C:\Program Files\apache-tomcat-7.0.39\bin;C:\Program Files\Common Files\Microsoft Shared\Windows Live;C:\Program Files\Microsoft Visual Studio\Common\Tools\WinNT;C:\Program Files\Microsoft Visual Studio\Common\MSDev98\Bin;C:\Program Files\Microsoft Visual Studio\Common\Tools;C:\Program Files\Microsoft Visual Studio\VC98\bin;C:\TCWIN45\BIN;."/>
    <property name="surefire.test.class.path" value="C:\Users\Muhammad Sidratul M\Documents\UP\muhammad sidratul muntaha\smester 6\pemogramman 4\praktikum\sesi 4\jawaban praktikum 4\spring-web\target\test-classes;C:\Users\Muhammad Sidratul M\Documents\UP\muhammad sidratul muntaha\smester 6\pemogramman 4\praktikum\sesi 4\jawaban praktikum 4\spring-web\target\classes;C:\Users\Muhammad Sidratul M\.m2\repository\junit\junit\3.8.1\junit-3.8.1.jar;C:\Users\Muhammad Sidratul M\.m2\repository\org\springframework\spring-webmvc\3.2.1.RELEASE\spring-webmvc-3.2.1.RELEASE.jar;C:\Users\Muhammad Sidratul M\.m2\repository\org\springframework\spring-expression\3.2.1.RELEASE\spring-expression-3.2.1.RELEASE.jar;C:\Users\Muhammad Sidratul M\.m2\repository\org\springframework\spring-beans\3.2.1.RELEASE\spring-beans-3.2.1.RELEASE.jar;C:\Users\Muhammad Sidratul M\.m2\repository\org\springframework\spring-core\3.2.1.RELEASE\spring-core-3.2.1.RELEASE.jar;C:\Users\Muhammad Sidratul M\.m2\repository\commons-logging\commons-logging\1.1.1\commons-logging-1.1.1.jar;C:\Users\Muhammad Sidratul M\.m2\repository\jstl\jstl\1.2\jstl-1.2.jar;C:\Users\Muhammad Sidratul M\.m2\repository\mysql\mysql-connector-java\5.1.23\mysql-connector-java-5.1.23.jar;C:\Users\Muhammad Sidratul M\.m2\repository\javax\servlet\javax.servlet-api\3.1-b06\javax.servlet-api-3.1-b06.jar;C:\Users\Muhammad Sidratul M\.m2\repository\commons-dbcp\commons-dbcp\1.4\commons-dbcp-1.4.jar;C:\Users\Muhammad Sidratul M\.m2\repository\commons-pool\commons-pool\1.5.4\commons-pool-1.5.4.jar;C:\Users\Muhammad Sidratul M\.m2\repository\org\springframework\spring-jdbc\3.2.1.RELEASE\spring-jdbc-3.2.1.RELEASE.jar;C:\Users\Muhammad Sidratul M\.m2\repository\org\springframework\spring-tx\3.2.1.RELEASE\spring-tx-3.2.1.RELEASE.jar;C:\Users\Muhammad Sidratul M\.m2\repository\aopalliance\aopalliance\1.0\aopalliance-1.0.jar;C:\Users\Muhammad Sidratul M\.m2\repository\org\springframework\spring-context\3.2.2.RELEASE\spring-context-3.2.2.RELEASE.jar;C:\Users\Muhammad Sidratul M\.m2\repository\org\springframework\spring-aop\3.2.2.RELEASE\spring-aop-3.2.2.RELEASE.jar;"/>
    <property name="java.specification.name" value="Java Platform API Specification"/>
    <property name="java.class.version" value="51.0"/>
    <property name="sun.management.compiler" value="HotSpot Client Compiler"/>
    <property name="os.version" value="6.1"/>
    <property name="user.home" value="C:\Users\Muhammad Sidratul M"/>
    <property name="user.timezone" value=""/>
    <property name="java.awt.printerjob" value="sun.awt.windows.WPrinterJob"/>
    <property name="java.specification.version" value="1.7"/>
    <property name="file.encoding" value="Cp1252"/>
    <property name="user.name" value="Muhammad Sidratul M"/>
    <property name="java.class.path" value="C:\Users\Muhammad Sidratul M\Documents\UP\muhammad sidratul muntaha\smester 6\pemogramman 4\praktikum\sesi 4\jawaban praktikum 4\spring-web\target\test-classes;C:\Users\Muhammad Sidratul M\Documents\UP\muhammad sidratul muntaha\smester 6\pemogramman 4\praktikum\sesi 4\jawaban praktikum 4\spring-web\target\classes;C:\Users\Muhammad Sidratul M\.m2\repository\junit\junit\3.8.1\junit-3.8.1.jar;C:\Users\Muhammad Sidratul M\.m2\repository\org\springframework\spring-webmvc\3.2.1.RELEASE\spring-webmvc-3.2.1.RELEASE.jar;C:\Users\Muhammad Sidratul M\.m2\repository\org\springframework\spring-expression\3.2.1.RELEASE\spring-expression-3.2.1.RELEASE.jar;C:\Users\Muhammad Sidratul M\.m2\repository\org\springframework\spring-beans\3.2.1.RELEASE\spring-beans-3.2.1.RELEASE.jar;C:\Users\Muhammad Sidratul M\.m2\repository\org\springframework\spring-core\3.2.1.RELEASE\spring-core-3.2.1.RELEASE.jar;C:\Users\Muhammad Sidratul M\.m2\repository\commons-logging\commons-logging\1.1.1\commons-logging-1.1.1.jar;C:\Users\Muhammad Sidratul M\.m2\repository\jstl\jstl\1.2\jstl-1.2.jar;C:\Users\Muhammad Sidratul M\.m2\repository\mysql\mysql-connector-java\5.1.23\mysql-connector-java-5.1.23.jar;C:\Users\Muhammad Sidratul M\.m2\repository\javax\servlet\javax.servlet-api\3.1-b06\javax.servlet-api-3.1-b06.jar;C:\Users\Muhammad Sidratul M\.m2\repository\commons-dbcp\commons-dbcp\1.4\commons-dbcp-1.4.jar;C:\Users\Muhammad Sidratul M\.m2\repository\commons-pool\commons-pool\1.5.4\commons-pool-1.5.4.jar;C:\Users\Muhammad Sidratul M\.m2\repository\org\springframework\spring-jdbc\3.2.1.RELEASE\spring-jdbc-3.2.1.RELEASE.jar;C:\Users\Muhammad Sidratul M\.m2\repository\org\springframework\spring-tx\3.2.1.RELEASE\spring-tx-3.2.1.RELEASE.jar;C:\Users\Muhammad Sidratul M\.m2\repository\aopalliance\aopalliance\1.0\aopalliance-1.0.jar;C:\Users\Muhammad Sidratul M\.m2\repository\org\springframework\spring-context\3.2.2.RELEASE\spring-context-3.2.2.RELEASE.jar;C:\Users\Muhammad Sidratul M\.m2\repository\org\springframework\spring-aop\3.2.2.RELEASE\spring-aop-3.2.2.RELEASE.jar;"/>
    <property name="java.vm.specification.version" value="1.7"/>
    <property name="sun.arch.data.model" value="32"/>
    <property name="java.home" value="C:\Program Files\Java\jdk1.7.0\jre"/>
    <property name="sun.java.command" value="C:\Users\Muhammad Sidratul M\Documents\UP\muhammad sidratul muntaha\smester 6\pemogramman 4\praktikum\sesi 4\jawaban praktikum 4\spring-web\target\surefire\surefirebooter2459737883572245709.jar C:\Users\Muhammad Sidratul M\Documents\UP\muhammad sidratul muntaha\smester 6\pemogramman 4\praktikum\sesi 4\jawaban praktikum 4\spring-web\target\surefire\surefire6816790674000950935tmp C:\Users\Muhammad Sidratul M\Documents\UP\muhammad sidratul muntaha\smester 6\pemogramman 4\praktikum\sesi 4\jawaban praktikum 4\spring-web\target\surefire\surefire8170669042798890503tmp"/>
    <property name="java.specification.vendor" value="Oracle Corporation"/>
    <property name="user.language" value="en"/>
    <property name="awt.toolkit" value="sun.awt.windows.WToolkit"/>
    <property name="java.vm.info" value="mixed mode, sharing"/>
    <property name="java.version" value="1.7.0"/>
    <property name="java.ext.dirs" value="C:\Program Files\Java\jdk1.7.0\jre\lib\ext;C:\Windows\Sun\Java\lib\ext"/>
    <property name="sun.boot.class.path" value="C:\Program Files\Java\jdk1.7.0\jre\lib\resources.jar;C:\Program Files\Java\jdk1.7.0\jre\lib\rt.jar;C:\Program Files\Java\jdk1.7.0\jre\lib\sunrsasign.jar;C:\Program Files\Java\jdk1.7.0\jre\lib\jsse.jar;C:\Program Files\Java\jdk1.7.0\jre\lib\jce.jar;C:\Program Files\Java\jdk1.7.0\jre\lib\charsets.jar;C:\Program Files\Java\jdk1.7.0\jre\classes"/>
    <property name="java.vendor" value="Oracle Corporation"/>
    <property name="localRepository" value="C:\Users\Muhammad Sidratul M\.m2\repository"/>
    <property name="file.separator" value="\"/>
    <property name="java.vendor.url.bug" value="http://bugreport.sun.com/bugreport/"/>
    <property name="sun.cpu.endian" value="little"/>
    <property name="sun.io.unicode.encoding" value="UnicodeLittle"/>
    <property name="sun.desktop" value="windows"/>
    <property name="sun.cpu.isalist" value="pentium_pro+mmx pentium_pro pentium+mmx pentium i486 i386 i86"/>
  </properties>
  <testcase time="0.003" classname="com.p4.springweb.AppTest" name="testApp"/>
</testsuite>